android/app/build/intermediates/manifest_merge_blame_file/productionRelease/manifest-merger-blame-production-release-report.txt
1<?xml version="1.0" encoding="utf-8"?>
2<manifest xmlns:android="http://schemas.android.com/apk/res/android"
3    package="com.ekyc"
4    android:versionCode="1"
5    android:versionName="1.0.0" >
6
7    <uses-sdk
8        android:minSdkVersion="21"
8-->src/main/AndroidManifest.xml
9        android:targetSdkVersion="28" />
9-->src/main/AndroidManifest.xml
10
11    <uses-permission android:name="android.permission.INTERNET" />
11-->src/main/AndroidManifest.xml:5:5-67
11-->src/main/AndroidManifest.xml:5:22-64
12    <uses-permission android:name="android.permission.CAMERA" />
12-->src/main/AndroidManifest.xml:6:5-65
12-->src/main/AndroidManifest.xml:6:22-62
13    <uses-permission android:name="android.permission.READ_EXTERNAL_STORAGE" />
13-->src/main/AndroidManifest.xml:7:5-80
13-->src/main/AndroidManifest.xml:7:22-77
14    <uses-permission android:name="android.permission.WRITE_EXTERNAL_STORAGE" />
14-->src/main/AndroidManifest.xml:8:5-81
14-->src/main/AndroidManifest.xml:8:22-78
15    <uses-permission android:name="android.permission.USE_FINGERPRINT" />
15-->src/main/AndroidManifest.xml:9:5-74
15-->src/main/AndroidManifest.xml:9:22-71
16
17    <uses-feature
17-->[:react-native-camera] AndroidManifest.xml:11:5-13:36
18        android:name="android.hardware.camera"
18-->[:react-native-camera] AndroidManifest.xml:12:9-47
19        android:required="false" />
19-->[:react-native-camera] AndroidManifest.xml:13:9-33
20    <uses-feature
20-->[:react-native-camera] AndroidManifest.xml:14:5-16:36
21        android:name="android.hardware.camera.autofocus"
21-->[:react-native-camera] AndroidManifest.xml:15:9-57
22        android:required="false" /> <!-- Required by older versions of Google Play services to create IID tokens -->
22-->[:react-native-camera] AndroidManifest.xml:16:9-33
23    <uses-permission android:name="com.google.android.c2dm.permission.RECEIVE" />
23-->[com.google.android.gms:play-services-iid:17.0.0] AndroidManifest.xml:23:5-82
23-->[com.google.android.gms:play-services-iid:17.0.0] AndroidManifest.xml:23:22-79
24
25    <application
25-->src/main/AndroidManifest.xml:11:5-30:19
26        android:name="com.ekyc.MainApplication"
26-->src/main/AndroidManifest.xml:12:7-38
27        android:allowBackup="false"
27-->src/main/AndroidManifest.xml:15:7-34
28        android:appComponentFactory="androidx.core.app.CoreComponentFactory"
28-->[androidx.core:core:1.2.0-alpha01] AndroidManifest.xml:22:18-86
29        android:icon="@mipmap/ic_launcher"
29-->src/main/AndroidManifest.xml:13:7-41
30        android:label="@string/APP_DISPLAY_NAME"
30-->src/main/AndroidManifest.xml:16:7-47
31        android:roundIcon="@mipmap/ic_launcher_round"
31-->src/main/AndroidManifest.xml:14:7-52
32        android:theme="@style/AppTheme" >
32-->src/main/AndroidManifest.xml:17:7-38
33        <activity
33-->src/main/AndroidManifest.xml:19:7-28:18
34            android:name="com.ekyc.MainActivity"
34-->src/main/AndroidManifest.xml:20:9-37
35            android:configChanges="keyboard|keyboardHidden|orientation|screenSize"
35-->src/main/AndroidManifest.xml:22:9-79
36            android:label="@string/APP_DISPLAY_NAME"
36-->src/main/AndroidManifest.xml:21:9-49
37            android:windowSoftInputMode="adjustResize" >
37-->src/main/AndroidManifest.xml:23:9-51
38            <intent-filter>
38-->src/main/AndroidManifest.xml:24:9-27:25
39                <action android:name="android.intent.action.MAIN" />
39-->src/main/AndroidManifest.xml:25:13-65
39-->src/main/AndroidManifest.xml:25:21-62
40
41                <category android:name="android.intent.category.LAUNCHER" />
41-->src/main/AndroidManifest.xml:26:13-73
41-->src/main/AndroidManifest.xml:26:23-70
42            </intent-filter>
43        </activity>
44        <activity
44-->src/main/AndroidManifest.xml:29:7-84
45            android:name="com.facebook.react.devsupport.DevSettingsActivity"
45-->src/main/AndroidManifest.xml:29:17-81
46            android:exported="false" />
46-->[:react-native-navigation] AndroidManifest.xml:14:13-37
47
48        <receiver
48-->[:react-native-device-info] AndroidManifest.xml:12:9-19:20
49            android:name="com.learnium.RNDeviceInfo.RNDeviceReceiver"
49-->[:react-native-device-info] AndroidManifest.xml:13:13-70
50            android:enabled="true"
50-->[:react-native-device-info] AndroidManifest.xml:14:13-35
51            android:exported="true" >
51-->[:react-native-device-info] AndroidManifest.xml:15:13-36
52            <intent-filter>
52-->[:react-native-device-info] AndroidManifest.xml:16:13-18:29
53                <action android:name="com.android.vending.INSTALL_REFERRER" />
53-->[:react-native-device-info] AndroidManifest.xml:17:17-79
53-->[:react-native-device-info] AndroidManifest.xml:17:25-76
54            </intent-filter>
55        </receiver>
56
57        <meta-data
57-->[com.github.bumptech.glide:okhttp3-integration:4.9.0] AndroidManifest.xml:11:9-13:43
58            android:name="com.bumptech.glide.integration.okhttp3.OkHttpGlideModule"
58-->[com.github.bumptech.glide:okhttp3-integration:4.9.0] AndroidManifest.xml:12:13-84
59            android:value="GlideModule" />
59-->[com.github.bumptech.glide:okhttp3-integration:4.9.0] AndroidManifest.xml:13:13-40
60
61        <activity
61-->[com.google.android.gms:play-services-base:17.0.0] AndroidManifest.xml:23:9-26:75
62            android:name="com.google.android.gms.common.api.GoogleApiActivity"
62-->[com.google.android.gms:play-services-base:17.0.0] AndroidManifest.xml:24:13-79
63            android:exported="false"
63-->[com.google.android.gms:play-services-base:17.0.0] AndroidManifest.xml:25:13-37
64            android:theme="@android:style/Theme.Translucent.NoTitleBar" />
64-->[com.google.android.gms:play-services-base:17.0.0] AndroidManifest.xml:26:13-72
65
66        <meta-data
66-->[com.google.android.gms:play-services-basement:17.0.0] AndroidManifest.xml:23:9-25:69
67            android:name="com.google.android.gms.version"
67-->[com.google.android.gms:play-services-basement:17.0.0] AndroidManifest.xml:24:13-58
68            android:value="@integer/google_play_services_version" />
68-->[com.google.android.gms:play-services-basement:17.0.0] AndroidManifest.xml:25:13-66
69    </application>
70
71</manifest>